Determining if the pthread_create exist failed with the following output:
Change Dir: /root/zeon-0.0.1.0/build/CMakeFiles/CMakeTmp

Run Build Command:"/usr/bin/make" "cmTC_585db/fast"
/usr/bin/make -f CMakeFiles/cmTC_585db.dir/build.make CMakeFiles/cmTC_585db.dir/build
make[1]: Entering directory '/root/zeon-0.0.1.0/build/CMakeFiles/CMakeTmp'
Building C object CMakeFiles/cmTC_585db.dir/CheckSymbolExists.c.o
/usr/bin/cc     -o CMakeFiles/cmTC_585db.dir/CheckSymbolExists.c.o   -c /root/zeon-0.0.1.0/build/CMakeFiles/CMakeTmp/CheckSymbolExists.c
Linking C executable cmTC_585db
/usr/bin/cmake -E cmake_link_script CMakeFiles/cmTC_585db.dir/link.txt --verbose=1
/usr/bin/cc       CMakeFiles/cmTC_585db.dir/CheckSymbolExists.c.o  -o cmTC_585db -rdynamic 
CMakeFiles/cmTC_585db.dir/CheckSymbolExists.c.o: In function `main':
CheckSymbolExists.c:(.text+0x16): undefined reference to `pthread_create'
collect2: error: ld returned 1 exit status
CMakeFiles/cmTC_585db.dir/build.make:97: recipe for target 'cmTC_585db' failed
make[1]: *** [cmTC_585db] Error 1
make[1]: Leaving directory '/root/zeon-0.0.1.0/build/CMakeFiles/CMakeTmp'
Makefile:126: recipe for target 'cmTC_585db/fast' failed
make: *** [cmTC_585db/fast] Error 2

File /root/zeon-0.0.1.0/build/CMakeFiles/CMakeTmp/CheckSymbolExists.c:
/* */
#include <pthread.h>

int main(int argc, char** argv)
{
  (void)argv;
#ifndef pthread_create
  return ((int*)(&pthread_create))[argc];
#else
  (void)argc;
  return 0;
#endif
}

Determining if the function pthread_create exists in the pthreads failed with the following output:
Change Dir: /root/zeon-0.0.1.0/build/CMakeFiles/CMakeTmp

Run Build Command:"/usr/bin/make" "cmTC_ee550/fast"
/usr/bin/make -f CMakeFiles/cmTC_ee550.dir/build.make CMakeFiles/cmTC_ee550.dir/build
make[1]: Entering directory '/root/zeon-0.0.1.0/build/CMakeFiles/CMakeTmp'
Building C object CMakeFiles/cmTC_ee550.dir/CheckFunctionExists.c.o
/usr/bin/cc    -DCHECK_FUNCTION_EXISTS=pthread_create   -o CMakeFiles/cmTC_ee550.dir/CheckFunctionExists.c.o   -c /usr/share/cmake-3.5/Modules/CheckFunctionExists.c
Linking C executable cmTC_ee550
/usr/bin/cmake -E cmake_link_script CMakeFiles/cmTC_ee550.dir/link.txt --verbose=1
/usr/bin/cc   -DCHECK_FUNCTION_EXISTS=pthread_create    CMakeFiles/cmTC_ee550.dir/CheckFunctionExists.c.o  -o cmTC_ee550 -rdynamic -lpthreads 
/usr/bin/ld: cannot find -lpthreads
collect2: error: ld returned 1 exit status
CMakeFiles/cmTC_ee550.dir/build.make:97: recipe for target 'cmTC_ee550' failed
make[1]: *** [cmTC_ee550] Error 1
make[1]: Leaving directory '/root/zeon-0.0.1.0/build/CMakeFiles/CMakeTmp'
Makefile:126: recipe for target 'cmTC_ee550/fast' failed
make: *** [cmTC_ee550/fast] Error 2


